Wed Apr 08 18:15:12 GMT 2015 : Apache Derby Network Server - 10.8.2.2 - (1181258) started and ready to accept connections on port 1527
----------------------------------------------------------------
Wed Apr 08 18:15:12 GMT 2015:
Booting Derby version The Apache Software Foundation - Apache Derby - 10.8.2.2 - (1181258): instance a816c00e-014c-9a3e-3e33-00007ad103e1 
on database directory G:\Forritun\database_console\db\BookExchangeDatabase  with class loader sun.misc.Launcher$AppClassLoader@1367f48c 
Loaded from file:/C:/Program%20Files/Java/jdk1.7.0_25/db/lib/derby.jar
java.vendor=Oracle Corporation
java.runtime.version=1.7.0_25-b17
user.dir=C:\Program Files\Java\jdk1.7.0_25\db
derby.system.home=G:\Forritun\database_console\db
Database Class Loader started - derby.database.classpath=''
----------------------------------------------------------------
Wed Apr 08 18:15:13 GMT 2015:
Shutting down instance a816c00e-014c-9a3e-3e33-00007ad103e1 on database directory G:\Forritun\database_console\db\BookExchangeDatabase with class loader sun.misc.Launcher$AppClassLoader@1367f48c 
Wed Apr 08 18:15:14 GMT 2015 Thread[DRDAConnThread_4,5,main] (DATABASE = BookExchangeDatabase), (DRDAID = {2}), Database 'BookExchangeDatabase' shutdown.
----------------------------------------------------------------
Wed Apr 08 18:15:21 GMT 2015:
Booting Derby version The Apache Software Foundation - Apache Derby - 10.8.2.2 - (1181258): instance 6c44409f-014c-9a3e-3e33-00007ad103e1 
on database directory G:\Forritun\database_console\db\BookExchangeDatabase  with class loader sun.misc.Launcher$AppClassLoader@1367f48c 
Loaded from file:/C:/Program%20Files/Java/jdk1.7.0_25/db/lib/derby.jar
java.vendor=Oracle Corporation
java.runtime.version=1.7.0_25-b17
user.dir=C:\Program Files\Java\jdk1.7.0_25\db
derby.system.home=G:\Forritun\database_console\db
Database Class Loader started - derby.database.classpath=''
Wed Apr 08 18:23:22 GMT 2015 Thread[DRDAConnThread_4,5,main] Cleanup action starting
java.sql.SQLException: Database 'ThrounHugbunadar' not found.
	at org.apache.derby.impl.jdbc.SQLExceptionFactory40.getSQLException(Unknown Source)
	at org.apache.derby.impl.jdbc.Util.newEmbedSQLException(Unknown Source)
	at org.apache.derby.impl.jdbc.Util.newEmbedSQLException(Unknown Source)
	at org.apache.derby.impl.jdbc.Util.generateCsSQLException(Unknown Source)
	at org.apache.derby.impl.jdbc.EmbedConnection.newSQLException(Unknown Source)
	at org.apache.derby.impl.jdbc.EmbedConnection.handleDBNotFound(Unknown Source)
	at org.apache.derby.impl.jdbc.EmbedConnection.<init>(Unknown Source)
	at org.apache.derby.impl.jdbc.EmbedConnection30.<init>(Unknown Source)
	at org.apache.derby.impl.jdbc.EmbedConnection40.<init>(Unknown Source)
	at org.apache.derby.jdbc.Driver40.getNewEmbedConnection(Unknown Source)
	at org.apache.derby.jdbc.InternalDriver.connect(Unknown Source)
	at org.apache.derby.jdbc.EmbeddedDriver.connect(Unknown Source)
	at org.apache.derby.impl.drda.Database.makeConnection(Unknown Source)
	at org.apache.derby.impl.drda.DRDAConnThread.getConnFromDatabaseName(Unknown Source)
	at org.apache.derby.impl.drda.DRDAConnThread.verifyUserIdPassword(Unknown Source)
	at org.apache.derby.impl.drda.DRDAConnThread.parseSECCHK(Unknown Source)
	at org.apache.derby.impl.drda.DRDAConnThread.parseDRDAConnection(Unknown Source)
	at org.apache.derby.impl.drda.DRDAConnThread.processCommands(Unknown Source)
	at org.apache.derby.impl.drda.DRDAConnThread.run(Unknown Source)
Caused by: java.sql.SQLException: Database 'ThrounHugbunadar' not found.
	at org.apache.derby.impl.jdbc.SQLExceptionFactory.getSQLException(Unknown Source)
	at org.apache.derby.impl.jdbc.SQLExceptionFactory40.wrapArgsForTransportAcrossDRDA(Unknown Source)
	... 19 more
============= begin nested exception, level (1) ===========
java.sql.SQLException: Database 'ThrounHugbunadar' not found.
	at org.apache.derby.impl.jdbc.SQLExceptionFactory.getSQLException(Unknown Source)
	at org.apache.derby.impl.jdbc.SQLExceptionFactory40.wrapArgsForTransportAcrossDRDA(Unknown Source)
	at org.apache.derby.impl.jdbc.SQLExceptionFactory40.getSQLException(Unknown Source)
	at org.apache.derby.impl.jdbc.Util.newEmbedSQLException(Unknown Source)
	at org.apache.derby.impl.jdbc.Util.newEmbedSQLException(Unknown Source)
	at org.apache.derby.impl.jdbc.Util.generateCsSQLException(Unknown Source)
	at org.apache.derby.impl.jdbc.EmbedConnection.newSQLException(Unknown Source)
	at org.apache.derby.impl.jdbc.EmbedConnection.handleDBNotFound(Unknown Source)
	at org.apache.derby.impl.jdbc.EmbedConnection.<init>(Unknown Source)
	at org.apache.derby.impl.jdbc.EmbedConnection30.<init>(Unknown Source)
	at org.apache.derby.impl.jdbc.EmbedConnection40.<init>(Unknown Source)
	at org.apache.derby.jdbc.Driver40.getNewEmbedConnection(Unknown Source)
	at org.apache.derby.jdbc.InternalDriver.connect(Unknown Source)
	at org.apache.derby.jdbc.EmbeddedDriver.connect(Unknown Source)
	at org.apache.derby.impl.drda.Database.makeConnection(Unknown Source)
	at org.apache.derby.impl.drda.DRDAConnThread.getConnFromDatabaseName(Unknown Source)
	at org.apache.derby.impl.drda.DRDAConnThread.verifyUserIdPassword(Unknown Source)
	at org.apache.derby.impl.drda.DRDAConnThread.parseSECCHK(Unknown Source)
	at org.apache.derby.impl.drda.DRDAConnThread.parseDRDAConnection(Unknown Source)
	at org.apache.derby.impl.drda.DRDAConnThread.processCommands(Unknown Source)
	at org.apache.derby.impl.drda.DRDAConnThread.run(Unknown Source)
============= end nested exception, level (1) ===========
Cleanup action completed
Wed Apr 08 18:23:22 GMT 2015 Thread[DRDAConnThread_4,5,main] (DATABASE = ThrounHugbunadar), (DRDAID = {4}), Database 'ThrounHugbunadar' not found.
